<?xml version="1.0" encoding="UTF-8"?>
<testsuite xmlns:xsi="http://www.w3.org/2001/XMLSchema-instance" xsi:noNamespaceSchemaLocation="https://maven.apache.org/surefire/maven-surefire-plugin/xsd/surefire-test-report.xsd" name="com.yarbi.AppTest" time="0.058" tests="1" errors="0" skipped="0" failures="0">
  <properties>
    <property name="java.specification.version" value="23"/>
    <property name="sun.cpu.isalist" value="amd64"/>
    <property name="sun.jnu.encoding" value="Cp1252"/>
    <property name="java.class.path" value="C:\Users\viet\Desktop\Map\target\test-classes;C:\Users\viet\Desktop\Map\target\classes;C:\Users\viet\.m2\repository\junit\junit\4.11\junit-4.11.jar;C:\Users\viet\.m2\repository\org\hamcrest\hamcrest-core\1.3\hamcrest-core-1.3.jar;C:\Users\viet\.m2\repository\org\openjfx\javafx-web\21\javafx-web-21.jar;C:\Users\viet\.m2\repository\org\openjfx\javafx-web\21\javafx-web-21-win.jar;C:\Users\viet\.m2\repository\org\openjfx\javafx-media\21\javafx-media-21.jar;C:\Users\viet\.m2\repository\org\openjfx\javafx-media\21\javafx-media-21-win.jar;C:\Users\viet\.m2\repository\org\openjfx\javafx-controls\21\javafx-controls-21.jar;C:\Users\viet\.m2\repository\org\openjfx\javafx-controls\21\javafx-controls-21-win.jar;C:\Users\viet\.m2\repository\org\openjfx\javafx-graphics\21\javafx-graphics-21.jar;C:\Users\viet\.m2\repository\org\openjfx\javafx-fxml\21\javafx-fxml-21.jar;C:\Users\viet\.m2\repository\org\openjfx\javafx-fxml\21\javafx-fxml-21-win.jar;C:\Users\viet\.m2\repository\org\openjfx\javafx-graphics\21\javafx-graphics-21-win.jar;C:\Users\viet\.m2\repository\org\openjfx\javafx-base\21\javafx-base-21.jar;C:\Users\viet\.m2\repository\org\openjfx\javafx-base\21\javafx-base-21-win.jar;C:\Users\viet\.m2\repository\com\teamdev\jxbrowser\jxbrowser\8.1.0\jxbrowser-8.1.0.jar;C:\Users\viet\.m2\repository\com\teamdev\jxbrowser\jxbrowser-linux64\8.1.0\jxbrowser-linux64-8.1.0.jar;C:\Users\viet\.m2\repository\com\teamdev\jxbrowser\jxbrowser-linux64-arm\8.1.0\jxbrowser-linux64-arm-8.1.0.jar;C:\Users\viet\.m2\repository\com\teamdev\jxbrowser\jxbrowser-mac\8.1.0\jxbrowser-mac-8.1.0.jar;C:\Users\viet\.m2\repository\com\teamdev\jxbrowser\jxbrowser-mac-arm\8.1.0\jxbrowser-mac-arm-8.1.0.jar;C:\Users\viet\.m2\repository\com\teamdev\jxbrowser\jxbrowser-win32\8.1.0\jxbrowser-win32-8.1.0.jar;C:\Users\viet\.m2\repository\com\teamdev\jxbrowser\jxbrowser-win64\8.1.0\jxbrowser-win64-8.1.0.jar;C:\Users\viet\.m2\repository\com\teamdev\jxbrowser\jxbrowser-win64-arm\8.1.0\jxbrowser-win64-arm-8.1.0.jar;C:\Users\viet\.m2\repository\org\eclipse\jetty\jetty-server\11.0.0\jetty-server-11.0.0.jar;C:\Users\viet\.m2\repository\org\eclipse\jetty\toolchain\jetty-jakarta-servlet-api\5.0.1\jetty-jakarta-servlet-api-5.0.1.jar;C:\Users\viet\.m2\repository\org\eclipse\jetty\jetty-http\11.0.0\jetty-http-11.0.0.jar;C:\Users\viet\.m2\repository\org\slf4j\slf4j-api\2.0.0-alpha1\slf4j-api-2.0.0-alpha1.jar;C:\Users\viet\.m2\repository\org\eclipse\jetty\jetty-servlet\11.0.0\jetty-servlet-11.0.0.jar;C:\Users\viet\.m2\repository\org\eclipse\jetty\jetty-security\11.0.0\jetty-security-11.0.0.jar;C:\Users\viet\.m2\repository\org\eclipse\jetty\jetty-util\11.0.0\jetty-util-11.0.0.jar;C:\Users\viet\.m2\repository\org\eclipse\jetty\jetty-io\11.0.0\jetty-io-11.0.0.jar;C:\Users\viet\.m2\repository\com\teamdev\jxbrowser\jxbrowser-javafx\8.1.0\jxbrowser-javafx-8.1.0.jar;C:\Users\viet\.m2\repository\org\json\json\20240303\json-20240303.jar;"/>
    <property name="java.vm.vendor" value="Oracle Corporation"/>
    <property name="sun.arch.data.model" value="64"/>
    <property name="user.variant" value=""/>
    <property name="java.vendor.url" value="https://java.oracle.com/"/>
    <property name="user.timezone" value="Africa/Casablanca"/>
    <property name="user.country.format" value="FR"/>
    <property name="os.name" value="Windows 11"/>
    <property name="java.vm.specification.version" value="23"/>
    <property name="sun.java.launcher" value="SUN_STANDARD"/>
    <property name="user.country" value="US"/>
    <property name="sun.boot.library.path" value="C:\Program Files\Java\jdk-23\bin"/>
    <property name="sun.java.command" value="C:\Users\viet\AppData\Local\Temp\surefire10612091488123536678\surefirebooter4228661411950264433.jar C:\Users\viet\AppData\Local\Temp\surefire10612091488123536678 2024-11-26T12-52-56_371-jvmRun1 surefire9674444062003941559tmp surefire_0244872909020653666tmp"/>
    <property name="jdk.debug" value="release"/>
    <property name="surefire.test.class.path" value="C:\Users\viet\Desktop\Map\target\test-classes;C:\Users\viet\Desktop\Map\target\classes;C:\Users\viet\.m2\repository\junit\junit\4.11\junit-4.11.jar;C:\Users\viet\.m2\repository\org\hamcrest\hamcrest-core\1.3\hamcrest-core-1.3.jar;C:\Users\viet\.m2\repository\org\openjfx\javafx-web\21\javafx-web-21.jar;C:\Users\viet\.m2\repository\org\openjfx\javafx-web\21\javafx-web-21-win.jar;C:\Users\viet\.m2\repository\org\openjfx\javafx-media\21\javafx-media-21.jar;C:\Users\viet\.m2\repository\org\openjfx\javafx-media\21\javafx-media-21-win.jar;C:\Users\viet\.m2\repository\org\openjfx\javafx-controls\21\javafx-controls-21.jar;C:\Users\viet\.m2\repository\org\openjfx\javafx-controls\21\javafx-controls-21-win.jar;C:\Users\viet\.m2\repository\org\openjfx\javafx-graphics\21\javafx-graphics-21.jar;C:\Users\viet\.m2\repository\org\openjfx\javafx-fxml\21\javafx-fxml-21.jar;C:\Users\viet\.m2\repository\org\openjfx\javafx-fxml\21\javafx-fxml-21-win.jar;C:\Users\viet\.m2\repository\org\openjfx\javafx-graphics\21\javafx-graphics-21-win.jar;C:\Users\viet\.m2\repository\org\openjfx\javafx-base\21\javafx-base-21.jar;C:\Users\viet\.m2\repository\org\openjfx\javafx-base\21\javafx-base-21-win.jar;C:\Users\viet\.m2\repository\com\teamdev\jxbrowser\jxbrowser\8.1.0\jxbrowser-8.1.0.jar;C:\Users\viet\.m2\repository\com\teamdev\jxbrowser\jxbrowser-linux64\8.1.0\jxbrowser-linux64-8.1.0.jar;C:\Users\viet\.m2\repository\com\teamdev\jxbrowser\jxbrowser-linux64-arm\8.1.0\jxbrowser-linux64-arm-8.1.0.jar;C:\Users\viet\.m2\repository\com\teamdev\jxbrowser\jxbrowser-mac\8.1.0\jxbrowser-mac-8.1.0.jar;C:\Users\viet\.m2\repository\com\teamdev\jxbrowser\jxbrowser-mac-arm\8.1.0\jxbrowser-mac-arm-8.1.0.jar;C:\Users\viet\.m2\repository\com\teamdev\jxbrowser\jxbrowser-win32\8.1.0\jxbrowser-win32-8.1.0.jar;C:\Users\viet\.m2\repository\com\teamdev\jxbrowser\jxbrowser-win64\8.1.0\jxbrowser-win64-8.1.0.jar;C:\Users\viet\.m2\repository\com\teamdev\jxbrowser\jxbrowser-win64-arm\8.1.0\jxbrowser-win64-arm-8.1.0.jar;C:\Users\viet\.m2\repository\org\eclipse\jetty\jetty-server\11.0.0\jetty-server-11.0.0.jar;C:\Users\viet\.m2\repository\org\eclipse\jetty\toolchain\jetty-jakarta-servlet-api\5.0.1\jetty-jakarta-servlet-api-5.0.1.jar;C:\Users\viet\.m2\repository\org\eclipse\jetty\jetty-http\11.0.0\jetty-http-11.0.0.jar;C:\Users\viet\.m2\repository\org\slf4j\slf4j-api\2.0.0-alpha1\slf4j-api-2.0.0-alpha1.jar;C:\Users\viet\.m2\repository\org\eclipse\jetty\jetty-servlet\11.0.0\jetty-servlet-11.0.0.jar;C:\Users\viet\.m2\repository\org\eclipse\jetty\jetty-security\11.0.0\jetty-security-11.0.0.jar;C:\Users\viet\.m2\repository\org\eclipse\jetty\jetty-util\11.0.0\jetty-util-11.0.0.jar;C:\Users\viet\.m2\repository\org\eclipse\jetty\jetty-io\11.0.0\jetty-io-11.0.0.jar;C:\Users\viet\.m2\repository\com\teamdev\jxbrowser\jxbrowser-javafx\8.1.0\jxbrowser-javafx-8.1.0.jar;C:\Users\viet\.m2\repository\org\json\json\20240303\json-20240303.jar;"/>
    <property name="sun.cpu.endian" value="little"/>
    <property name="user.home" value="C:\Users\viet"/>
    <property name="user.language" value="en"/>
    <property name="java.specification.vendor" value="Oracle Corporation"/>
    <property name="java.version.date" value="2024-09-17"/>
    <property name="java.home" value="C:\Program Files\Java\jdk-23"/>
    <property name="file.separator" value="\"/>
    <property name="basedir" value="C:\Users\viet\Desktop\Map"/>
    <property name="java.vm.compressedOopsMode" value="32-bit"/>
    <property name="line.separator" value="&#10;"/>
    <property name="java.vm.specification.vendor" value="Oracle Corporation"/>
    <property name="java.specification.name" value="Java Platform API Specification"/>
    <property name="surefire.real.class.path" value="C:\Users\viet\AppData\Local\Temp\surefire10612091488123536678\surefirebooter4228661411950264433.jar"/>
    <property name="user.script" value=""/>
    <property name="sun.management.compiler" value="HotSpot 64-Bit Tiered Compilers"/>
    <property name="java.runtime.version" value="23+37-2369"/>
    <property name="user.name" value="viet"/>
    <property name="stdout.encoding" value="Cp1252"/>
    <property name="path.separator" value=";"/>
    <property name="os.version" value="10.0"/>
    <property name="java.runtime.name" value="Java(TM) SE Runtime Environment"/>
    <property name="file.encoding" value="UTF-8"/>
    <property name="java.vm.name" value="Java HotSpot(TM) 64-Bit Server VM"/>
    <property name="localRepository" value="C:\Users\viet\.m2\repository"/>
    <property name="java.vendor.url.bug" value="https://bugreport.java.com/bugreport/"/>
    <property name="java.io.tmpdir" value="C:\Users\viet\AppData\Local\Temp\"/>
    <property name="java.version" value="23"/>
    <property name="user.dir" value="C:\Users\viet\Desktop\Map"/>
    <property name="os.arch" value="amd64"/>
    <property name="java.vm.specification.name" value="Java Virtual Machine Specification"/>
    <property name="user.language.format" value="fr"/>
    <property name="sun.os.patch.level" value=""/>
    <property name="native.encoding" value="Cp1252"/>
    <property name="java.library.path" value="C:\Program Files\Java\jdk-23\bin;C:\WINDOWS\Sun\Java\bin;C:\WINDOWS\system32;C:\WINDOWS;C:\oraclexe\app\oracle\product\11.2.0\server\bin;;C:\Users\viet\Downloads\WINDOWS.X64_193000_db_home\bin;c:\Users\viet\AppData\Local\Programs\cursor\resources\app\bin;C:\Program Files\Common Files\Oracle\Java\javapath;C:\WINDOWS\system32;C:\WINDOWS;C:\WINDOWS\System32\Wbem;C:\WINDOWS\System32\WindowsPowerShell\v1.0\;C:\WINDOWS\System32\OpenSSH\;C:\MinGW\bin;C:\Program Files\Git\cmd;C:\composer;C:\xampp\php;C:\ProgramData\chocolatey\bin;C:\Program Files (x86)\GnuWin32\bin;C:\Users\viet\.cargo\bin;C:\Users\viet\AppData\Local\Programs\Python\Python313\Scripts;C:\Users\viet\AppData\Local\Programs\Python\Python313\;C:\Users\viet\AppData\Local\Programs\Python\Launcher\;C:\Users\viet\AppData\Local\Microsoft\WindowsApps;C:\Users\viet\AppData\Roaming\Composer\vendor\bin;C:\Users\viet\AppData\Roaming\npm;C:\Users\viet\.bun\bin;C:\sqlite3;C:\Program Files\JetBrains\IntelliJ IDEA 2024.1\bin;C:\Users\viet\AppData\Local\Microsoft\WindowsApps;c:\Users\viet\AppData\Local\Programs\cursor\resources\app\bin;C:\Program Files\Java\jdk-23\bin;C:\Program Files\apache-maven-3.9.9\bin;C:\Users\viet\Desktop\logstash-8.15.2\bin;C:\Users\viet\Desktop\elasticsearch-8.15.3\bin;C:\Users\viet\Desktop\kibana-8.15.2\bin;C:\Program Files\Java\jdk-17\bin;C:\Users\viet\Downloads\apache-tomcat-9.0.97-windows-x64\apache-tomcat-9.0.97\bin;C:\Users\viet\AppData\Local\Programs\Python\Python313\Scripts\;C:\Users\viet\AppData\Local\Programs\Python\Python313\;C:\Users\viet\.cargo\bin;C:\Users\viet\AppData\Local\Microsoft\WindowsApps;C:\Users\viet\AppData\Local\Programs\Microsoft VS Code\bin;C:\Users\viet\AppData\Roaming\Composer\vendor\bin;C:\Users\viet\.bun\bin;C:\sqlite3;C:\Program Files\JetBrains\IntelliJ IDEA 2024.1\bin;;C:\Users\viet\AppData\Local\Microsoft\WindowsApps;C:\Program Files\Java\jdk-23\bin;C:\Program Files\\Elastic\Beats\8.15.3\filebeat;;."/>
    <property name="java.vm.info" value="mixed mode, sharing"/>
    <property name="stderr.encoding" value="Cp1252"/>
    <property name="java.vendor" value="Oracle Corporation"/>
    <property name="java.vm.version" value="23+37-2369"/>
    <property name="sun.io.unicode.encoding" value="UnicodeLittle"/>
    <property name="java.class.version" value="67.0"/>
  </properties>
  <testcase name="shouldAnswerWithTrue" classname="com.yarbi.AppTest" time="0.003"/>
</testsuite>